<?xml version="1.0" encoding="UTF-8"?>
<testng-results ignored="0" total="1" passed="1" failed="0" skipped="0">
  <reporter-output>
  </reporter-output>
  <suite started-at="2025-01-17T15:34:40 IST" name="Default suite" finished-at="2025-01-17T15:35:32 IST" duration-ms="52125">
    <groups>
    </groups>
    <test started-at="2025-01-17T15:34:40 IST" name="Default test" finished-at="2025-01-17T15:35:32 IST" duration-ms="52125">
      <class name="com.test.web.LoginTest">
        <test-method is-config="true" signature="setup()[pri:0, instance:com.test.web.LoginTest@11392934]" started-at="2025-01-17T15:34:40 IST" name="setup" finished-at="2025-01-17T15:34:43 IST" duration-ms="3018" status="PASS">
          <reporter-output>
          </reporter-output>
        </test-method> <!-- setup -->
        <test-method signature="test1()[pri:0, instance:com.test.web.LoginTest@11392934]" started-at="2025-01-17T15:34:43 IST" name="test1" finished-at="2025-01-17T15:35:31 IST" duration-ms="48649" status="PASS">
          <reporter-output>
          </reporter-output>
        </test-method> <!-- test1 -->
        <test-method is-config="true" signature="tearDown()[pri:0, instance:com.test.web.LoginTest@11392934]" started-at="2025-01-17T15:35:31 IST" name="tearDown" finished-at="2025-01-17T15:35:32 IST" duration-ms="408" status="PASS">
          <reporter-output>
          </reporter-output>
        </test-method> <!-- tearDown -->
      </class> <!-- com.test.web.LoginTest -->
    </test> <!-- Default test -->
  </suite> <!-- Default suite -->
</testng-results>
